<?xml version="1.0" encoding="UTF-8"?>
<!-- Generated by org.testng.reporters.JUnitReportReporter -->
<testsuite hostname="ASPL_LAPTOP_26" failures="0" tests="1" name="Test.Designsupport_Test" time="67.923" errors="0" timestamp="2024-08-26T19:00:38 IST" skipped="0">
  <testcase classname="Test.Designsupport_Test" name="Verify_EA_DesignSupport" time="67.923"/>
</testsuite> <!-- Test.Designsupport_Test -->
