<?xml version="1.0" encoding="UTF-8"?>
<!-- Generated by org.testng.reporters.JUnitReportReporter -->
<testsuite hostname="ASPL_LAPTOP_26" failures="0" tests="1" name="Test.LoginpageTest" time="34.340" errors="0" timestamp="2024-08-09T17:59:07 IST" skipped="0">
  <testcase classname="Test.LoginpageTest" name="verifyLoginPage" time="34.340"/>
</testsuite> <!-- Test.LoginpageTest -->
